[debug] [2024-01-18T14:52:26.186Z] ----------------------------------------------------------------------
[debug] [2024-01-18T14:52:26.187Z] Command:       /Users/thorremiendo/.nvm/versions/node/v18.17.1/bin/node /Users/thorremiendo/.nvm/versions/node/v16.13.2/bin/firebase init
[debug] [2024-01-18T14:52:26.187Z] CLI Version:   13.0.3
[debug] [2024-01-18T14:52:26.187Z] Platform:      darwin
[debug] [2024-01-18T14:52:26.187Z] Node Version:  v18.17.1
[debug] [2024-01-18T14:52:26.188Z] Time:          Thu Jan 18 2024 22:52:26 GMT+0800 (Philippine Standard Time)
[debug] [2024-01-18T14:52:26.188Z] ----------------------------------------------------------------------
[debug] 
[debug] [2024-01-18T14:52:26.191Z] > command requires scopes: ["email","openid","https://www.googleapis.com/auth/cloudplatformprojects.readonly","https://www.googleapis.com/auth/firebase","https://www.googleapis.com/auth/cloud-platform"]
[debug] [2024-01-18T14:52:26.191Z] > authorizing via signed-in user (thor.remiendo@gmail.com)
[info] 
     ######## #### ########  ######## ########     ###     ######  ########
     ##        ##  ##     ## ##       ##     ##  ##   ##  ##       ##
     ######    ##  ########  ######   ########  #########  ######  ######
     ##        ##  ##    ##  ##       ##     ## ##     ##       ## ##
     ##       #### ##     ## ######## ########  ##     ##  ######  ########

You're about to initialize a Firebase project in this directory:

  /Users/thorremiendo/Documents/thoraia

[info] 
=== Project Setup
[info] 
[info] First, let's associate this project directory with a Firebase project.
[info] You can create multiple project aliases by running firebase use --add, 
[info] but for now we'll just set up a default project.
[info] 
[debug] [2024-01-18T14:53:25.441Z] >>> [apiv2][query] GET https://firebase.googleapis.com/v1beta1/projects pageSize=100
[debug] [2024-01-18T14:53:26.093Z] <<< [apiv2][status] GET https://firebase.googleapis.com/v1beta1/projects 200
[debug] [2024-01-18T14:53:26.093Z] <<< [apiv2][body] GET https://firebase.googleapis.com/v1beta1/projects [omitted]
[info] i  Using project thor-aia-wedding (thor-aia-wedding) 
[info] 
=== Hosting Setup
[debug] [2024-01-18T14:54:25.840Z] >>> [apiv2][query] GET https://firebase.googleapis.com/v1beta1/projects/thor-aia-wedding [none]
[debug] [2024-01-18T14:54:26.189Z] <<< [apiv2][status] GET https://firebase.googleapis.com/v1beta1/projects/thor-aia-wedding 200
[debug] [2024-01-18T14:54:26.189Z] <<< [apiv2][body] GET https://firebase.googleapis.com/v1beta1/projects/thor-aia-wedding {"projectId":"thor-aia-wedding","projectNumber":"389440660496","displayName":"thor-aia-wedding","name":"projects/thor-aia-wedding","resources":{"hostingSite":"thor-aia-wedding"},"state":"ACTIVE","etag":"1_7a05bf99-7267-4166-a7fa-2337117b6d6c"}
[info] 
[info] Your public directory is the folder (relative to your project directory) that
[info] will contain Hosting assets to be uploaded with firebase deploy. If you
[info] have a build process for your assets, use your build's output directory.
[info] 
